python Platform_Surveillance_System.py MarvellousLogs 1================================================================================
PLATFORM SURVEILLANCE SYSTEM - LOG FILE
================================================================================
Start Time: 2026-04-05 01:44:41.413918
Log Folder: MarvellousLogs
Monitoring Interval: 1 minute(s)
================================================================================


********************************************************************************
MONITORING CYCLE #1
Cycle Start Time: 2026-04-05 01:44:41.413918
********************************************************************************


================================================================================
[FUNCTION: thread_monitoring] - Execution Time: 2026-04-05 01:44:41.413918
================================================================================
Thread Monitoring Report
Process Name                   PID        Thread Count   
-------------------------------------------------------
System Idle Process            0          8              
System                         4          270            
                               72         0              
csrss.exe                      92         14             
Registry                       132        4              
smss.exe                       460        2              
csrss.exe                      768        13             
brave.exe                      824        20             
services.exe                   836        8              
LsaIso.exe                     844        1              
lsass.exe                      860        11             
winlogon.exe                   932        3              
wininit.exe                    1020       1              
svchost.exe                    1032       27             
fontdrvhost.exe                1068       5              
WUDFHost.exe                   1108       8              
fontdrvhost.exe                1156       5              
brave.exe                      1172       11             
svchost.exe                    1224       21             
brave.exe                      1236       22             
svchost.exe                    1272       5              
brave.exe                      1404       20             
brave.exe                      1408       19             
SecurityHealthService.exe      1432       15             
svchost.exe                    1444       3              
svchost.exe                    1452       4              
svchost.exe                    1468       2              
svchost.exe                    1496       7              
StartMenuExperienceHost.exe    1540       9              
svchost.exe                    1572       4              
svchost.exe                    1580       4              
dwm.exe                        1620       16             
svchost.exe                    1736       1              
IntelCpHDCPSvc.exe             1800       3              
svchost.exe                    1824       11             
svchost.exe                    1832       1              
svchost.exe                    1864       8              
svchost.exe                    1896       8              
msedgewebview2.exe             1952       9              
brave.exe                      2072       20             
IntelCpHeciSvc.exe             2076       3              
svchost.exe                    2096       5              
svchost.exe                    2104       6              
svchost.exe                    2116       2              
brave.exe                      2152       19             
svchost.exe                    2184       3              
svchost.exe                    2220       11             
brave.exe                      2224       20             
brave.exe                      2280       19             
svchost.exe                    2288       8              
pet.exe                        2360       9              
Code.exe                       2404       9              
svchost.exe                    2412       6              
svchost.exe                    2420       6              
svchost.exe                    2440       2              
conhost.exe                    2448       2              
svchost.exe                    2452       11             
svchost.exe                    2460       3              
svchost.exe                    2504       1              
SebWindowsServiceWCF.exe       2508       4              
svchost.exe                    2572       5              
svchost.exe                    2588       14             
svchost.exe                    2640       4              
Code.exe                       2684       14             
svchost.exe                    2688       6              
svchost.exe                    2708       7              
vmms.exe                       2784       12             
svchost.exe                    2868       1              
NVDisplay.Container.exe        2908       34             
svchost.exe                    2956       12             
svchost.exe                    2980       6              
svchost.exe                    2992       5              
MemCompression                 3112       66             
Code.exe                       3136       30             
igfxCUIService.exe             3180       3              
dasHost.exe                    3244       2              
svchost.exe                    3284       5              
svchost.exe                    3292       2              
svchost.exe                    3404       3              
brave.exe                      3440       19             
svchost.exe                    3464       6              
svchost.exe                    3552       1              
svchost.exe                    3592       10             
brave.exe                      3608       7              
svchost.exe                    3640       9              
conhost.exe                    3668       5              
svchost.exe                    3708       17             
vmcompute.exe                  3824       3              
EpicWebHelper.exe              3872       17             
UserOOBEBroker.exe             3884       4              
svchost.exe                    4032       2              
BraveCrashHandler64.exe        4084       3              
Code.exe                       4112       58             
NVDisplay.Container.exe        4156       31             
RuntimeBroker.exe              4164       13             
svchost.exe                    4468       13             
svchost.exe                    4508       14             
svchost.exe                    4644       15             
svchost.exe                    4744       13             
conhost.exe                    4792       5              
svchost.exe                    4808       6              
BraveCrashHandler.exe          4828       3              
RAVBg64.exe                    4856       5              
dllhost.exe                    4908       5              
RtkAudioService64.exe          4928       3              
svchost.exe                    5024       4              
svchost.exe                    5032       11             
svchost.exe                    5136       8              
wlanext.exe                    5200       3              
spoolsv.exe                    5208       9              
conhost.exe                    5216       2              
brave.exe                      5228       19             
svchost.exe                    5280       5              
svchost.exe                    5360       6              
svchost.exe                    5440       8              
svchost.exe                    5448       19             
OfficeClickToRun.exe           5456       25             
svchost.exe                    5484       18             
ibmpmsvc.exe                   5532       10             
sihost.exe                     5592       18             
svchost.exe                    5648       13             
OneApp.IGCC.WinService.exe     5660       9              
svchost.exe                    5684       2              
jhi_service.exe                5696       2              
svchost.exe                    5704       8              
svchost.exe                    5728       6              
nvWmi64.exe                    5892       2              
EasyResume.exe                 5920       5              
svchost.exe                    5940       4              
svchost.exe                    5964       6              
SafeExamBrowser.Service.exe    5984       4              
svchost.exe                    6000       8              
msedgewebview2.exe             6028       12             
mysqld.exe                     6052       3              
brave.exe                      6100       46             
mongod.exe                     6112       34             
SynTPEnh.exe                   6128       12             
svchost.exe                    6156       5              
SynTPEnhService.exe            6180       6              
audiodg.exe                    6188       5              
svchost.exe                    6196       7              
svchost.exe                    6232       4              
UltraViewer_Service.exe        6248       10             
svchost.exe                    6272       3              
PresentationFontCache.exe      6280       4              
brave.exe                      6360       19             
tnslsnr.exe                    6424       3              
WMIRegistrationService.exe     6436       2              
oravssw.exe                    6448       2              
RuntimeBroker.exe              6476       3              
oracle.exe                     6488       89             
svchost.exe                    6516       9              
omtsreco.exe                   6536       4              
wslservice.exe                 6552       8              
taskhostw.exe                  6588       7              
svchost.exe                    6744       6              
Code.exe                       6864       14             
LockApp.exe                    6888       19             
svchost.exe                    7108       11             
mysqld.exe                     7392       40             
conhost.exe                    7416       4              
brave.exe                      7424       21             
PowerMgr.exe                   7444       14             
conhost.exe                    7456       2              
Code.exe                       7516       29             
taskhostw.exe                  7520       10             
svchost.exe                    7536       28             
conhost.exe                    7540       2              
igfxEM.exe                     7604       4              
SystemSettingsBroker.exe       7716       19             
EpicOnlineServicesUserHelper.exe 7724       12             
svchost.exe                    7736       10             
conhost.exe                    7784       2              
brave.exe                      7816       19             
explorer.exe                   7876       105            
brave.exe                      7896       19             
brave.exe                      7912       21             
SearchIndexer.exe              8020       15             
SearchApp.exe                  8040       14             
svchost.exe                    8596       2              
msedgewebview2.exe             8628       57             
nvWmi64.exe                    8676       7              
svchost.exe                    8736       6              
AggregatorHost.exe             8784       4              
svchost.exe                    8928       12             
svchost.exe                    8992       3              
SDXHelper.exe                  9148       12             
brave.exe                      9256       19             
TabTip.exe                     9332       8              
brave.exe                      9344       19             
SynTPHelper.exe                9384       1              
svchost.exe                    9420       8              
brave.exe                      9452       19             
svchost.exe                    9592       2              
brave.exe                      9628       19             
dllhost.exe                    9856       7              
svchost.exe                    9940       10             
TrustedInstaller.exe           10232      4              
python.exe                     10244      6              
MoUsoCoreWorker.exe            10260      10             
RuntimeBroker.exe              10276      7              
svchost.exe                    10828      2              
ctfmon.exe                     10844      11             
SecurityHealthSystray.exe      10868      6              
RuntimeBroker.exe              10876      18             
svchost.exe                    11076      12             
TextInputHost.exe              11156      11             
powershell.exe                 11164      12             
svchost.exe                    11360      7              
MpDefenderCoreService.exe      11468      15             
powershell.exe                 11520      16             
RuntimeBroker.exe              11692      8              
svchost.exe                    11816      4              
svchost.exe                    12004      5              
Code.exe                       12132      20             
CodeSetup-stable-e7fb5e96c0730b9deb70b33781f98e2f35975036.exe 12364      1              
powershell.exe                 12368      11             
Code.exe                       12444      29             
NisSrv.exe                     12468      8              
conhost.exe                    12604      2              
RuntimeBroker.exe              12624      1              
PhoneExperienceHost.exe        12720      19             
msedgewebview2.exe             12800      12             
igfxext.exe                    12932      3              
msedgewebview2.exe             12992      25             
msedgewebview2.exe             13020      22             
SearchApp.exe                  13176      55             
brave.exe                      13232      19             
RAVCpl64.exe                   13252      7              
DolbyDAX2API.exe               13280      8              
svchost.exe                    13404      2              
Code.exe                       13564      8              
msedgewebview2.exe             13608      24             
brave.exe                      13740      20             
Code.exe                       13808      17             
brave.exe                      13812      19             
ShellExperienceHost.exe        13840      33             
pet.exe                        13884      9              
Code.exe                       13900      22             
RuntimeBroker.exe              13960      14             
Code.exe                       14200      35             
conhost.exe                    14256      5              
ApplicationFrameHost.exe       14276      2              
Code.exe                       14316      27             
SystemSettings.exe             14332      19             
python.exe                     14472      6              
brave.exe                      14620      19             
brave.exe                      14812      13             
brave.exe                      14872      19             
OneDrive.Sync.Service.exe      14888      45             
Code.exe                       14904      20             
brave.exe                      15012      19             
brave.exe                      15068      19             
conhost.exe                    15284      5              
brave.exe                      15288      21             
conhost.exe                    15384      2              
CompPkgSrv.exe                 15388      1              
brave.exe                      15472      19             
brave.exe                      15492      20             
svchost.exe                    15624      3              
brave.exe                      15760      19             
brave.exe                      15812      22             
brave.exe                      15908      10             
brave.exe                      15916      11             
EpicGamesLauncher.exe          16080      61             
brave.exe                      16184      19             
svchost.exe                    16264      3              
Code.exe                       16464      13             
brave.exe                      16468      20             
Code.exe                       16560      9              
svchost.exe                    16724      17             
brave.exe                      16752      23             
brave.exe                      16888      19             
powershell.exe                 17336      11             
TiWorker.exe                   17340      4              
svchost.exe                    17544      4              
python.exe                     18420      4              
svchost.exe                    18476      5              
pet.exe                        18524      9              
brave.exe                      18544      19             
pet.exe                        18736      9              
svchost.exe                    18812      5              
brave.exe                      18944      19             
EpicOnlineServicesUserHelper.exe 19056      14             
brave.exe                      19096      19             
EpicWebHelper.exe              19240      20             
brave.exe                      19384      19             
brave.exe                      19448      19             
brave.exe                      19540      19             
svchost.exe                    19576      23             
conhost.exe                    19712      3              
EpicWebHelper.exe              19884      11             
Code.exe                       19956      32             
EpicWebHelper.exe              20020      11             
backgroundTaskHost.exe         20028      11             
brave.exe                      20412      19             
CodeSetup-stable-e7fb5e96c0730b9deb70b33781f98e2f35975036.tmp 20884      2              
taskhostw.exe                  21108      2              
Code.exe                       21192      9              
MsMpEng.exe                    21380      49             
backgroundTaskHost.exe         21400      14             
svchost.exe                    21464      11             
WmiPrvSE.exe                   21840      8              
backgroundTaskHost.exe         21852      15             
svchost.exe                    21860      3              
-------------------------------------------------------
Total processes monitored: 305
Status: COMPLETED SUCCESSFULLY
================================================================================

